<?xml version="1.0" encoding="UTF-8"?>
<!-- Generated by org.testng.reporters.JUnitReportReporter -->
<testsuite skipped="0" hostname="WGP9T10J095NAFZ" name="learnLeetCode.NewTest" tests="1" failures="0" timestamp="04 六月 2018 06:46:04 GMT" time="0.008" errors="0">
  <testcase name="Main" time="0.008" classname="learnLeetCode.NewTest"/>
</testsuite> <!-- learnLeetCode.NewTest -->
